<?xml version="1.0" encoding="UTF-8"?>
<!-- Generated by org.testng.reporters.JUnitReportReporter -->
<testsuite hostname="DESKTOP-AB2BGER" failures="0" tests="1" name="org.mmpPractise.util.FutureDateClass" time="0.042" errors="0" timestamp="2023-01-29T14:18:13 EST" skipped="0">
  <testcase classname="org.mmpPractise.util.FutureDateClass" name="futureDateAppt" time="0.042"/>
  <system-out/>
</testsuite> <!-- org.mmpPractise.util.FutureDateClass -->
