<?xml version="1.0" encoding="UTF-8"?>
<!-- Generated by org.testng.reporters.JUnitReportReporter -->
<testsuite hostname="DESKTOP-AB2BGER" failures="0" tests="1" name="mmpPatientPortal.FrameworkSchApptTests" time="16.119" errors="0" timestamp="2023-01-31T10:23:35 EST" skipped="0">
  <testcase classname="mmpPatientPortal.FrameworkSchApptTests" name="schApptTests" time="16.119"/>
  <system-out/>
</testsuite> <!-- mmpPatientPortal.FrameworkSchApptTests -->
