<?xml version="1.0" encoding="UTF-8"?>
<!-- Generated by org.testng.reporters.JUnitReportReporter -->
<testsuite hostname="DESKTOP-AB2BGER" failures="0" tests="1" name="mmpPatientPortal.SchApptFwkTestsPractise" time="11.562" errors="0" timestamp="2023-01-28T22:26:24 EST" skipped="0">
  <testcase classname="mmpPatientPortal.SchApptFwkTestsPractise" name="schApptTests" time="11.562"/>
  <system-out/>
</testsuite> <!-- mmpPatientPortal.SchApptFwkTestsPractise -->
